<?xml version="1.0" encoding="UTF-8"?>
<robot generator="Robot 3.2.2 (Python 3.9.0 on win32)" generated="20201221 19:33:09.056" rpa="false">
<suite id="s1" name="ValidationProject" source="C:\Users\brahim.chabli\pratique selenium\ValidationProject">
<suite id="s1-s1" name="Testscases" source="C:\Users\brahim.chabli\pratique selenium\ValidationProject\Testscases">
<suite id="s1-s1-s1" name="Validation1TestSuite" source="C:\Users\brahim.chabli\pratique selenium\ValidationProject\Testscases\Validation1TestSuite.robot">
<test id="s1-s1-s1-t1" name="TC_005_Validationelement">
<kw name="Open Browser" library="SeleniumLibrary">
<doc>Opens a new browser instance to the optional ``url``.</doc>
<arguments>
<arg>https://login.salesforce.com/</arg>
<arg>gc</arg>
</arguments>
<msg timestamp="20201221 19:33:09.660" level="INFO">Opening browser 'gc' to base url 'https://login.salesforce.com/'.</msg>
<status status="PASS" starttime="20201221 19:33:09.660" endtime="20201221 19:33:12.723"></status>
</kw>
<kw name="Maximize Browser Window" library="SeleniumLibrary">
<doc>Maximizes current browser window.</doc>
<status status="PASS" starttime="20201221 19:33:12.723" endtime="20201221 19:33:13.919"></status>
</kw>
<kw name="Title Should Be" library="SeleniumLibrary">
<doc>Verifies that the current page title equals ``title``.</doc>
<arguments>
<arg>Connexion | Salesforce</arg>
</arguments>
<msg timestamp="20201221 19:33:13.961" level="INFO">Page title is 'Connexion | Salesforce'.</msg>
<status status="PASS" starttime="20201221 19:33:13.920" endtime="20201221 19:33:13.962"></status>
</kw>
<kw name="Element Should Be Visible" library="SeleniumLibrary">
<doc>Verifies that the element identified by ``locator`` is visible.</doc>
<arguments>
<arg>id=username</arg>
</arguments>
<msg timestamp="20201221 19:33:14.016" level="INFO">Element 'id=username' is displayed.</msg>
<status status="PASS" starttime="20201221 19:33:13.964" endtime="20201221 19:33:14.016"></status>
</kw>
<status status="PASS" starttime="20201221 19:33:09.659" endtime="20201221 19:33:14.016" critical="yes"></status>
</test>
<status status="PASS" starttime="20201221 19:33:09.187" endtime="20201221 19:33:14.017"></status>
</suite>
<status status="PASS" starttime="20201221 19:33:09.184" endtime="20201221 19:33:14.020"></status>
</suite>
<status status="PASS" starttime="20201221 19:33:09.152" endtime="20201221 19:33:14.022"></status>
</suite>
<statistics>
<total>
<stat pass="1" fail="0">Critical Tests</stat>
<stat pass="1" fail="0">All Tests</stat>
</total>
<tag>
</tag>
<suite>
<stat pass="1" fail="0" id="s1" name="ValidationProject">ValidationProject</stat>
<stat pass="1" fail="0" id="s1-s1" name="Testscases">ValidationProject.Testscases</stat>
<stat pass="1" fail="0" id="s1-s1-s1" name="Validation1TestSuite">ValidationProject.Testscases.Validation1TestSuite</stat>
</suite>
</statistics>
<errors>
</errors>
</robot>
